In file included from ../src/bufferutil.cc:15:0:
../node_modules/nan/nan.h: In function ‘v8::Local<v8::Signature> NanNew(v8::Handle<v8::FunctionTemplate>, int, v8::Handle<v8::FunctionTemplate>*)’:
../node_modules/nan/nan.h:337:64: error: no matching function for call to ‘v8::Signature::New(v8::Isolate*&, v8::Handle<v8::FunctionTemplate>&, int&, v8::Handle<v8::FunctionTemplate>*&)’
     return v8::Signature::New(nan_isolate, receiver, argc, argv);
                                                                ^
In file included from ../src/bufferutil.cc:7:0:
/home/isaac/.electron-gyp/.node-gyp/0.36.12/deps/v8/include/v8.h:4681:27: note: candidate: static v8::Local<v8::Signature> v8::Signature::New(v8::Isolate*, v8::Local<v8::FunctionTemplate>)
   static Local<Signature> New(
                           ^~~
/home/isaac/.electron-gyp/.node-gyp/0.36.12/deps/v8/include/v8.h:4681:27: note:   candidate expects 2 arguments, 4 provided
In file included from ../src/bufferutil.cc:15:0:
../node_modules/nan/nan.h: At global scope:
../node_modules/nan/nan.h:409:19: error: ‘NanNew’ declared as an ‘inline’ variable
       v8::String::ExternalAsciiStringResource *resource) {
                   ^~~~~~~~~~~~~~~~~~~~~~~~~~~
../node_modules/nan/nan.h:409:19: warning: ‘always_inline’ attribute ignored [-Wattributes]
../node_modules/nan/nan.h:409:19: error: ‘v8::Local<v8::String> NanNew’ redeclared as different kind of symbol
../node_modules/nan/nan.h:403:36: note: previous declaration ‘v8::Local<v8::String> NanNew(v8::String::ExternalStringResource*)’
   NAN_INLINE v8::Local<v8::String> NanNew(
                                    ^~~~~~
../node_modules/nan/nan.h:409:7: error: ‘ExternalAsciiStringResource’ is not a member of ‘v8::String’
       v8::String::ExternalAsciiStringResource *resource) {
       ^~
../node_modules/nan/nan.h:409:48: error: ‘resource’ was not declared in this scope
       v8::String::ExternalAsciiStringResource *resource) {
                                                ^~~~~~~~
../node_modules/nan/nan.h:427:3: error: redefinition of ‘v8::Local<T> NanNew(P) [with T = v8::StringObject; P = v8::Local<v8::String>]’
   NanNew<v8::StringObject, v8::Handle<v8::String> >(
   ^~~~~~~~~~~~~~~~~~~~~~~~~~~~~~~~~~~~~~~~~~~~~~~~~
../node_modules/nan/nan.h:420:3: note: ‘v8::Local<T> NanNew(P) [with T = v8::StringObject; P = v8::Local<v8::String>]’ previously declared here
   NanNew<v8::StringObject, v8::Local<v8::String> >(
   ^~~~~~~~~~~~~~~~~~~~~~~~~~~~~~~~~~~~~~~~~~~~~~~~
../node_modules/nan/nan.h:444:36: error: redefinition of ‘template<class T> v8::Local<v8::RegExp> NanNew(v8::Local<v8::String>, v8::RegExp::Flags)’
   NAN_INLINE v8::Local<v8::RegExp> NanNew(
                                    ^~~~~~
../node_modules/nan/nan.h:438:36: note: ‘template<class T> v8::Local<v8::RegExp> NanNew(v8::Handle<v8::String>, v8::RegExp::Flags)’ previously declared here
   NAN_INLINE v8::Local<v8::RegExp> NanNew(
                                    ^~~~~~
../node_modules/nan/nan.h:456:36: error: redefinition of ‘template<class T, class P> v8::Local<v8::RegExp> NanNew(v8::Local<v8::String>, v8::RegExp::Flags)’
   NAN_INLINE v8::Local<v8::RegExp> NanNew(
                                    ^~~~~~
../node_modules/nan/nan.h:450:36: note: ‘template<class T, class P> v8::Local<v8::RegExp> NanNew(v8::Handle<v8::String>, v8::RegExp::Flags)’ previously declared here
   NAN_INLINE v8::Local<v8::RegExp> NanNew(
                                    ^~~~~~
../node_modules/nan/nan.h:767:13: error: ‘node::smalloc’ has not been declared
     , node::smalloc::FreeCallback callback
             ^~~~~~~
../node_modules/nan/nan.h:767:35: error: expected ‘,’ or ‘...’ before ‘callback’
     , node::smalloc::FreeCallback callback
                                   ^~~~~~~~
../node_modules/nan/nan.h: In function ‘v8::Local<v8::Object> NanNewBufferHandle(char*, size_t, int)’:
../node_modules/nan/nan.h:770:57: error: ‘callback’ was not declared in this scope
     return node::Buffer::New(nan_isolate, data, length, callback, hint);
                                                         ^~~~~~~~
../node_modules/nan/nan.h:770:67: error: ‘hint’ was not declared in this scope
     return node::Buffer::New(nan_isolate, data, length, callback, hint);
                                                                   ^~~~
../node_modules/nan/nan.h: In function ‘v8::Local<v8::Object> NanNewBufferHandle(const char*, uint32_t)’:
../node_modules/nan/nan.h:777:53: error: no matching function for call to ‘New(v8::Isolate*&, const char*&, uint32_t&)’
     return node::Buffer::New(nan_isolate, data, size);
                                                     ^
In file included from ../src/bufferutil.cc:9:0:
/home/isaac/.electron-gyp/.node-gyp/0.36.12/src/node_buffer.h:41:40: note: candidate: v8::MaybeLocal<v8::Object> node::Buffer::New(v8::Isolate*, v8::Local<v8::String>, node::encoding) <near match>
 NODE_EXTERN v8::MaybeLocal<v8::Object> New(v8::Isolate* isolate,
                                        ^~~
/home/isaac/.electron-gyp/.node-gyp/0.36.12/src/node_buffer.h:41:40: note:   conversion of argument 3 would be ill-formed:
In file included from ../src/bufferutil.cc:15:0:
../node_modules/nan/nan.h:777:53: error: invalid conversion from ‘uint32_t {aka unsigned int}’ to ‘node::encoding’ [-fpermissive]
     return node::Buffer::New(nan_isolate, data, size);
                                                     ^
In file included from ../src/bufferutil.cc:9:0:
/home/isaac/.electron-gyp/.node-gyp/0.36.12/src/node_buffer.h:53:40: note: candidate: v8::MaybeLocal<v8::Object> node::Buffer::New(v8::Isolate*, char*, size_t) <near match>
 NODE_EXTERN v8::MaybeLocal<v8::Object> New(v8::Isolate* isolate,
                                        ^~~
/home/isaac/.electron-gyp/.node-gyp/0.36.12/src/node_buffer.h:53:40: note:   conversion of argument 2 would be ill-formed:
In file included from ../src/bufferutil.cc:15:0:
../node_modules/nan/nan.h:777:53: error: invalid conversion from ‘const char*’ to ‘char*’ [-fpermissive]
     return node::Buffer::New(nan_isolate, data, size);
                                                     ^
../node_modules/nan/nan.h: In function ‘v8::Local<v8::Object> NanNewBufferHandle(uint32_t)’:
../node_modules/nan/nan.h:781:29: error: could not convert ‘node::Buffer::New(nan_isolate, ((size_t)size))’ from ‘v8::MaybeLocal<v8::Object>’ to ‘v8::Local<v8::Object>’
     return node::Buffer::New(nan_isolate, size);
            ~~~~~~~~~~~~~~~~~^~~~~~~~~~~~~~~~~~~
../node_modules/nan/nan.h: In function ‘v8::Local<v8::Object> NanBufferUse(char*, uint32_t)’:
../node_modules/nan/nan.h:788:12: error: ‘Use’ is not a member of ‘node::Buffer’
     return node::Buffer::Use(nan_isolate, data, size);
            ^~~~
../node_modules/nan/nan.h: In function ‘bool _NanGetExternalParts(v8::Handle<v8::Value>, const char**, size_t*)’:
../node_modules/nan/nan.h:1728:12: error: ‘class v8::String’ has no member named ‘IsExternalAscii’; did you mean ‘IsExternal’?
   if (str->IsExternalAscii()) {
            ^~~~~~~~~~~~~~~
../node_modules/nan/nan.h:1729:23: error: ‘ExternalAsciiStringResource’ in ‘class v8::String’ does not name a type
     const v8::String::ExternalAsciiStringResource* ext;
                       ^~~~~~~~~~~~~~~~~~~~~~~~~~~
../node_modules/nan/nan.h:1730:5: error: ‘ext’ was not declared in this scope
     ext = str->GetExternalAsciiStringResource();
     ^~~
../node_modules/nan/nan.h:1730:16: error: ‘class v8::String’ has no member named ‘GetExternalAsciiStringResource’; did you mean ‘GetExternalStringResource’?
     ext = str->GetExternalAsciiStringResource();
                ^~~~~~~~~~~~~~~~~~~~~~~~~~~~~~
make: *** [Release/obj.target/bufferutil/src/bufferutil.o] Error 1
gyp ERR! build error 
gyp ERR! stack Error: `make` failed with exit code: 2
gyp ERR! stack     at ChildProcess.onExit (/usr/share/node-gyp/lib/build.js:276:23)
gyp ERR! stack     at emitTwo (events.js:87:13)
gyp ERR! stack     at ChildProcess.emit (events.js:172:7)
gyp ERR! stack     at Process.ChildProcess._handle.onexit (internal/child_process.js:200:12)
gyp ERR! System Linux 4.7.0-2.1-liquorix-amd64
gyp ERR! command "/usr/bin/nodejs" "/usr/bin/node-gyp" "rebuild"
gyp ERR! cwd /home/isaac/git/FastFlow/app/node_modules/angular-mass-autocomplete/node_modules/karma/node_modules/socket.io/node_modules/socket.io-client/node_modules/ws
gyp ERR! node -v v4.4.7
gyp ERR! node-gyp -v v3.4.0
gyp ERR! not ok 
